<?xml version="1.0" encoding="UTF-8"?>
<Site BuildName="Win32-MSBuild"
	BuildStamp="20260623-0829-Experimental"
	Name="DESKTOP-D0QKI6E"
	Generator="ctest-4.1.2"
	CompilerName="C:/Program Files (x86)/Microsoft Visual Studio/2022/BuildTools/VC/Tools/MSVC/14.44.35207/bin/Hostx64/x64/cl.exe"
	CompilerVersion="19.44.35217.0"
	OSName="Windows"
	Hostname="DESKTOP-D0QKI6E"
	OSRelease=" Personal"
	OSVersion=" (Build 26200)"
	OSPlatform="AMD64"
	Is64Bits="1"
	VendorString="AuthenticAMD"
	VendorID="Advanced Micro Devices"
	FamilyID="15"
	ModelID="5"
	ModelName="AMD Ryzen 7 8845H w/ Radeon 780M Graphics"
	ProcessorCacheSize="64"
	NumberOfLogicalCPU="16"
	NumberOfPhysicalCPU="8"
	TotalVirtualMemory="48442"
	TotalPhysicalMemory="15674"
	LogicalProcessorsPerPhysical="2"
	ProcessorClockFrequency="3801"
	>
	<Testing>
		<StartDateTime>Jun 23 13:40 RTZ 4 (зима)</StartDateTime>
		<StartTestTime>1782204029</StartTestTime>
		<TestList/>
		<EndDateTime>Jun 23 13:40 RTZ 4 (зима)</EndDateTime>
		<EndTestTime>1782204029</EndTestTime>
		<ElapsedMinutes>0</ElapsedMinutes>
	</Testing>
</Site>
